2025-07-27 15:21:46  INFO block_demo: 26: listening on 0.0.0.0:8080
2025-07-27 15:22:58  INFO block_demo: 26: listening on 0.0.0.0:8080
2025-07-27 15:26:59  WARN block_demo::domain::svg_chat_service: 17: retry 1: HTTP status client error (404 Not Found) for url (http://fa.okjiaoyu.cn/https:/www.google.com.hk/imgres?q=handwriting%20svg&imgurl=https%3A%2F%2Fi.fbcd.co%2Fproducts%2Fresized%2Fresized-750-500%2Fea8c0bc9d8a887e158db6a171ff711d60eeb83da6fb057786fc82b5a3704b124.jpg&imgrefurl=https%3A%2F%2Ffontbundles.net%2Fka-designs%2F241970-washington-a-handwritten-svg-script-font&docid=Q_Xd6mbZf_yGOM&tbnid=0hDDLa3TtU0IoM&vet=12ahUKEwi6lKjnqN2OAxVTslYBHYwlKWUQM3oECBEQAA..i&w=750&h=500&hcb=2&ved=2ahUKEwi6lKjnqN2OAxVTslYBHYwlKWUQM3oECBEQAA)

Stack backtrace:
   0: std::backtrace_rs::backtrace::libunwind::trace
             at /rustc/6b00bc3880198600130e1cf62b8f8a93494488cc/library/std/src/../../backtrace/src/backtrace/libunwind.rs:117:9
   1: std::backtrace_rs::backtrace::trace_unsynchronized
             at /rustc/6b00bc3880198600130e1cf62b8f8a93494488cc/library/std/src/../../backtrace/src/backtrace/mod.rs:66:14
   2: std::backtrace::Backtrace::create
             at /rustc/6b00bc3880198600130e1cf62b8f8a93494488cc/library/std/src/backtrace.rs:331:13
   3: anyhow::kind::Adhoc::new
             at /Users/lijing/.cargo/registry/src/rsproxy.cn-e3de039b2554c837/anyhow-1.0.98/src/backtrace.rs:27:14
   4: block_demo::infra::svg_util::SvgUtil::process_suffix_svg::{{closure}}
             at ./src/infra/svg_util.rs:93:24
   5: block_demo::infra::svg_util::SvgUtil::batch_process_svgs::{{closure}}
             at ./src/infra/svg_util.rs:27:56
   6: block_demo::domain::svg_chat_service::SVGChatService::exec_single_processor::{{closure}}
             at ./src/domain/svg_chat_service.rs:39:83
   7: block_demo::domain::svg_chat_service::SVGChatService::process_single::{{closure}}
             at ./src/domain/svg_chat_service.rs:34:42
   8: block_demo::domain::svg_chat_service::SVGChatService::process_async::{{closure}}
             at ./src/domain/svg_chat_service.rs:28:42
   9: block_demo::domain::svg_chat_service::SVGChatService::process_task_with_retry::{{closure}}
             at ./src/domain/svg_chat_service.rs:12:51
  10: block_demo::application::chat_service::svg_chat::{{closure}}::{{closure}}
             at ./src/application/chat_service.rs:9:62
  11: <tracing::instrument::Instrumented<T> as core::future::future::Future>::poll
             at /Users/lijing/.cargo/registry/src/rsproxy.cn-e3de039b2554c837/tracing-0.1.41/src/instrument.rs:321:9
  12: tokio::runtime::task::core::Core<T,S>::poll::{{closure}}
             at /Users/lijing/.cargo/registry/src/rsproxy.cn-e3de039b2554c837/tokio-1.47.0/src/runtime/task/core.rs:365:17
  13: tokio::loom::std::unsafe_cell::UnsafeCell<T>::with_mut
             at /Users/lijing/.cargo/registry/src/rsproxy.cn-e3de039b2554c837/tokio-1.47.0/src/loom/std/unsafe_cell.rs:16:9
  14: tokio::runtime::task::core::Core<T,S>::poll
             at /Users/lijing/.cargo/registry/src/rsproxy.cn-e3de039b2554c837/tokio-1.47.0/src/runtime/task/core.rs:354:13
  15: tokio::runtime::task::harness::poll_future::{{closure}}
             at /Users/lijing/.cargo/registry/src/rsproxy.cn-e3de039b2554c837/tokio-1.47.0/src/runtime/task/harness.rs:535:19
  16: <core::panic::unwind_safe::AssertUnwindSafe<F> as core::ops::function::FnOnce<()>>::call_once
             at /Users/lijing/.rustup/toolchains/stable-aarch64-apple-darwin/lib/rustlib/src/rust/library/core/src/panic/unwind_safe.rs:272:9
  17: std::panicking::try::do_call
             at /Users/lijing/.rustup/toolchains/stable-aarch64-apple-darwin/lib/rustlib/src/rust/library/std/src/panicking.rs:589:40
  18: ___rust_try
  19: std::panicking::try
             at /Users/lijing/.rustup/toolchains/stable-aarch64-apple-darwin/lib/rustlib/src/rust/library/std/src/panicking.rs:552:19
  20: std::panic::catch_unwind
             at /Users/lijing/.rustup/toolchains/stable-aarch64-apple-darwin/lib/rustlib/src/rust/library/std/src/panic.rs:359:14
  21: tokio::runtime::task::harness::poll_future
             at /Users/lijing/.cargo/registry/src/rsproxy.cn-e3de039b2554c837/tokio-1.47.0/src/runtime/task/harness.rs:523:18
  22: tokio::runtime::task::harness::Harness<T,S>::poll_inner
             at /Users/lijing/.cargo/registry/src/rsproxy.cn-e3de039b2554c837/tokio-1.47.0/src/runtime/task/harness.rs:210:27
  23: tokio::runtime::task::harness::Harness<T,S>::poll
             at /Users/lijing/.cargo/registry/src/rsproxy.cn-e3de039b2554c837/tokio-1.47.0/src/runtime/task/harness.rs:155:15
  24: tokio::runtime::task::raw::poll
             at /Users/lijing/.cargo/registry/src/rsproxy.cn-e3de039b2554c837/tokio-1.47.0/src/runtime/task/raw.rs:325:5
  25: tokio::runtime::task::raw::RawTask::poll
             at /Users/lijing/.cargo/registry/src/rsproxy.cn-e3de039b2554c837/tokio-1.47.0/src/runtime/task/raw.rs:255:18
  26: tokio::runtime::task::LocalNotified<S>::run
             at /Users/lijing/.cargo/registry/src/rsproxy.cn-e3de039b2554c837/tokio-1.47.0/src/runtime/task/mod.rs:509:9
  27: tokio::runtime::scheduler::multi_thread::worker::Context::run_task::{{closure}}
             at /Users/lijing/.cargo/registry/src/rsproxy.cn-e3de039b2554c837/tokio-1.47.0/src/runtime/scheduler/multi_thread/worker.rs:677:17
  28: tokio::task::coop::with_budget
             at /Users/lijing/.cargo/registry/src/rsproxy.cn-e3de039b2554c837/tokio-1.47.0/src/task/coop/mod.rs:167:5
  29: tokio::task::coop::budget
             at /Users/lijing/.cargo/registry/src/rsproxy.cn-e3de039b2554c837/tokio-1.47.0/src/task/coop/mod.rs:133:5
  30: tokio::runtime::scheduler::multi_thread::worker::Context::run_task
             at /Users/lijing/.cargo/registry/src/rsproxy.cn-e3de039b2554c837/tokio-1.47.0/src/runtime/scheduler/multi_thread/worker.rs:591:9
  31: tokio::runtime::scheduler::multi_thread::worker::Context::run
             at /Users/lijing/.cargo/registry/src/rsproxy.cn-e3de039b2554c837/tokio-1.47.0/src/runtime/scheduler/multi_thread/worker.rs:539:24
  32: tokio::runtime::scheduler::multi_thread::worker::run::{{closure}}::{{closure}}
             at /Users/lijing/.cargo/registry/src/rsproxy.cn-e3de039b2554c837/tokio-1.47.0/src/runtime/scheduler/multi_thread/worker.rs:504:21
  33: tokio::runtime::context::scoped::Scoped<T>::set
             at /Users/lijing/.cargo/registry/src/rsproxy.cn-e3de039b2554c837/tokio-1.47.0/src/runtime/context/scoped.rs:40:9
  34: tokio::runtime::context::set_scheduler::{{closure}}
             at /Users/lijing/.cargo/registry/src/rsproxy.cn-e3de039b2554c837/tokio-1.47.0/src/runtime/context.rs:176:26
  35: std::thread::local::LocalKey<T>::try_with
             at /Users/lijing/.rustup/toolchains/stable-aarch64-apple-darwin/lib/rustlib/src/rust/library/std/src/thread/local.rs:315:12
  36: std::thread::local::LocalKey<T>::with
             at /Users/lijing/.rustup/toolchains/stable-aarch64-apple-darwin/lib/rustlib/src/rust/library/std/src/thread/local.rs:279:15
  37: tokio::runtime::context::set_scheduler
             at /Users/lijing/.cargo/registry/src/rsproxy.cn-e3de039b2554c837/tokio-1.47.0/src/runtime/context.rs:176:9
  38: tokio::runtime::scheduler::multi_thread::worker::run::{{closure}}
             at /Users/lijing/.cargo/registry/src/rsproxy.cn-e3de039b2554c837/tokio-1.47.0/src/runtime/scheduler/multi_thread/worker.rs:499:9
  39: tokio::runtime::context::runtime::enter_runtime
             at /Users/lijing/.cargo/registry/src/rsproxy.cn-e3de039b2554c837/tokio-1.47.0/src/runtime/context/runtime.rs:65:16
  40: tokio::runtime::scheduler::multi_thread::worker::run
             at /Users/lijing/.cargo/registry/src/rsproxy.cn-e3de039b2554c837/tokio-1.47.0/src/runtime/scheduler/multi_thread/worker.rs:491:5
  41: tokio::runtime::scheduler::multi_thread::worker::Launch::launch::{{closure}}
             at /Users/lijing/.cargo/registry/src/rsproxy.cn-e3de039b2554c837/tokio-1.47.0/src/runtime/scheduler/multi_thread/worker.rs:457:45
  42: <tokio::runtime::blocking::task::BlockingTask<T> as core::future::future::Future>::poll
             at /Users/lijing/.cargo/registry/src/rsproxy.cn-e3de039b2554c837/tokio-1.47.0/src/runtime/blocking/task.rs:42:21
  43: <tracing::instrument::Instrumented<T> as core::future::future::Future>::poll
             at /Users/lijing/.cargo/registry/src/rsproxy.cn-e3de039b2554c837/tracing-0.1.41/src/instrument.rs:321:9
  44: tokio::runtime::task::core::Core<T,S>::poll::{{closure}}
             at /Users/lijing/.cargo/registry/src/rsproxy.cn-e3de039b2554c837/tokio-1.47.0/src/runtime/task/core.rs:365:17
  45: tokio::loom::std::unsafe_cell::UnsafeCell<T>::with_mut
             at /Users/lijing/.cargo/registry/src/rsproxy.cn-e3de039b2554c837/tokio-1.47.0/src/loom/std/unsafe_cell.rs:16:9
  46: tokio::runtime::task::core::Core<T,S>::poll
             at /Users/lijing/.cargo/registry/src/rsproxy.cn-e3de039b2554c837/tokio-1.47.0/src/runtime/task/core.rs:354:13
  47: tokio::runtime::task::harness::poll_future::{{closure}}
             at /Users/lijing/.cargo/registry/src/rsproxy.cn-e3de039b2554c837/tokio-1.47.0/src/runtime/task/harness.rs:535:19
  48: <core::panic::unwind_safe::AssertUnwindSafe<F> as core::ops::function::FnOnce<()>>::call_once
             at /Users/lijing/.rustup/toolchains/stable-aarch64-apple-darwin/lib/rustlib/src/rust/library/core/src/panic/unwind_safe.rs:272:9
  49: std::panicking::try::do_call
             at /Users/lijing/.rustup/toolchains/stable-aarch64-apple-darwin/lib/rustlib/src/rust/library/std/src/panicking.rs:589:40
  50: ___rust_try
  51: std::panicking::try
             at /Users/lijing/.rustup/toolchains/stable-aarch64-apple-darwin/lib/rustlib/src/rust/library/std/src/panicking.rs:552:19
  52: std::panic::catch_unwind
             at /Users/lijing/.rustup/toolchains/stable-aarch64-apple-darwin/lib/rustlib/src/rust/library/std/src/panic.rs:359:14
  53: tokio::runtime::task::harness::poll_future
             at /Users/lijing/.cargo/registry/src/rsproxy.cn-e3de039b2554c837/tokio-1.47.0/src/runtime/task/harness.rs:523:18
  54: tokio::runtime::task::harness::Harness<T,S>::poll_inner
             at /Users/lijing/.cargo/registry/src/rsproxy.cn-e3de039b2554c837/tokio-1.47.0/src/runtime/task/harness.rs:210:27
  55: tokio::runtime::task::harness::Harness<T,S>::poll
             at /Users/lijing/.cargo/registry/src/rsproxy.cn-e3de039b2554c837/tokio-1.47.0/src/runtime/task/harness.rs:155:15
  56: tokio::runtime::task::raw::poll
             at /Users/lijing/.cargo/registry/src/rsproxy.cn-e3de039b2554c837/tokio-1.47.0/src/runtime/task/raw.rs:325:5
  57: tokio::runtime::task::raw::RawTask::poll
             at /Users/lijing/.cargo/registry/src/rsproxy.cn-e3de039b2554c837/tokio-1.47.0/src/runtime/task/raw.rs:255:18
  58: tokio::runtime::task::UnownedTask<S>::run
             at /Users/lijing/.cargo/registry/src/rsproxy.cn-e3de039b2554c837/tokio-1.47.0/src/runtime/task/mod.rs:546:9
  59: tokio::runtime::blocking::pool::Task::run
             at /Users/lijing/.cargo/registry/src/rsproxy.cn-e3de039b2554c837/tokio-1.47.0/src/runtime/blocking/pool.rs:161:9
  60: tokio::runtime::blocking::pool::Inner::run
             at /Users/lijing/.cargo/registry/src/rsproxy.cn-e3de039b2554c837/tokio-1.47.0/src/runtime/blocking/pool.rs:516:17
  61: tokio::runtime::blocking::pool::Spawner::spawn_thread::{{closure}}
             at /Users/lijing/.cargo/registry/src/rsproxy.cn-e3de039b2554c837/tokio-1.47.0/src/runtime/blocking/pool.rs:474:13
  62: std::sys::backtrace::__rust_begin_short_backtrace
             at /Users/lijing/.rustup/toolchains/stable-aarch64-apple-darwin/lib/rustlib/src/rust/library/std/src/sys/backtrace.rs:152:18
  63: std::thread::Builder::spawn_unchecked_::{{closure}}::{{closure}}
             at /Users/lijing/.rustup/toolchains/stable-aarch64-apple-darwin/lib/rustlib/src/rust/library/std/src/thread/mod.rs:559:17
  64: <core::panic::unwind_safe::AssertUnwindSafe<F> as core::ops::function::FnOnce<()>>::call_once
             at /Users/lijing/.rustup/toolchains/stable-aarch64-apple-darwin/lib/rustlib/src/rust/library/core/src/panic/unwind_safe.rs:272:9
  65: std::panicking::try::do_call
             at /Users/lijing/.rustup/toolchains/stable-aarch64-apple-darwin/lib/rustlib/src/rust/library/std/src/panicking.rs:589:40
  66: ___rust_try
  67: std::panicking::try
             at /Users/lijing/.rustup/toolchains/stable-aarch64-apple-darwin/lib/rustlib/src/rust/library/std/src/panicking.rs:552:19
  68: std::panic::catch_unwind
             at /Users/lijing/.rustup/toolchains/stable-aarch64-apple-darwin/lib/rustlib/src/rust/library/std/src/panic.rs:359:14
  69: std::thread::Builder::spawn_unchecked_::{{closure}}
             at /Users/lijing/.rustup/toolchains/stable-aarch64-apple-darwin/lib/rustlib/src/rust/library/std/src/thread/mod.rs:557:30
  70: core::ops::function::FnOnce::call_once{{vtable.shim}}
             at /Users/lijing/.rustup/toolchains/stable-aarch64-apple-darwin/lib/rustlib/src/rust/library/core/src/ops/function.rs:250:5
  71: <alloc::boxed::Box<F,A> as core::ops::function::FnOnce<Args>>::call_once
             at /rustc/6b00bc3880198600130e1cf62b8f8a93494488cc/library/alloc/src/boxed.rs:1966:9
  72: <alloc::boxed::Box<F,A> as core::ops::function::FnOnce<Args>>::call_once
             at /rustc/6b00bc3880198600130e1cf62b8f8a93494488cc/library/alloc/src/boxed.rs:1966:9
  73: std::sys::pal::unix::thread::Thread::new::thread_start
             at /rustc/6b00bc3880198600130e1cf62b8f8a93494488cc/library/std/src/sys/pal/unix/thread.rs:97:17
  74: __pthread_cond_wait
2025-07-27 15:27:00  WARN block_demo::domain::svg_chat_service: 17: retry 2: HTTP status client error (404 Not Found) for url (http://fa.okjiaoyu.cn/https:/www.google.com.hk/imgres?q=handwriting%20svg&imgurl=https%3A%2F%2Fi.fbcd.co%2Fproducts%2Fresized%2Fresized-750-500%2Fea8c0bc9d8a887e158db6a171ff711d60eeb83da6fb057786fc82b5a3704b124.jpg&imgrefurl=https%3A%2F%2Ffontbundles.net%2Fka-designs%2F241970-washington-a-handwritten-svg-script-font&docid=Q_Xd6mbZf_yGOM&tbnid=0hDDLa3TtU0IoM&vet=12ahUKEwi6lKjnqN2OAxVTslYBHYwlKWUQM3oECBEQAA..i&w=750&h=500&hcb=2&ved=2ahUKEwi6lKjnqN2OAxVTslYBHYwlKWUQM3oECBEQAA)

Stack backtrace:
   0: std::backtrace_rs::backtrace::libunwind::trace
             at /rustc/6b00bc3880198600130e1cf62b8f8a93494488cc/library/std/src/../../backtrace/src/backtrace/libunwind.rs:117:9
   1: std::backtrace_rs::backtrace::trace_unsynchronized
             at /rustc/6b00bc3880198600130e1cf62b8f8a93494488cc/library/std/src/../../backtrace/src/backtrace/mod.rs:66:14
   2: std::backtrace::Backtrace::create
             at /rustc/6b00bc3880198600130e1cf62b8f8a93494488cc/library/std/src/backtrace.rs:331:13
   3: anyhow::kind::Adhoc::new
             at /Users/lijing/.cargo/registry/src/rsproxy.cn-e3de039b2554c837/anyhow-1.0.98/src/backtrace.rs:27:14
   4: block_demo::infra::svg_util::SvgUtil::process_suffix_svg::{{closure}}
             at ./src/infra/svg_util.rs:93:24
   5: block_demo::infra::svg_util::SvgUtil::batch_process_svgs::{{closure}}
             at ./src/infra/svg_util.rs:27:56
   6: block_demo::domain::svg_chat_service::SVGChatService::exec_single_processor::{{closure}}
             at ./src/domain/svg_chat_service.rs:39:83
   7: block_demo::domain::svg_chat_service::SVGChatService::process_single::{{closure}}
             at ./src/domain/svg_chat_service.rs:34:42
   8: block_demo::domain::svg_chat_service::SVGChatService::process_async::{{closure}}
             at ./src/domain/svg_chat_service.rs:28:42
   9: block_demo::domain::svg_chat_service::SVGChatService::process_task_with_retry::{{closure}}
             at ./src/domain/svg_chat_service.rs:12:51
  10: block_demo::application::chat_service::svg_chat::{{closure}}::{{closure}}
             at ./src/application/chat_service.rs:9:62
  11: <tracing::instrument::Instrumented<T> as core::future::future::Future>::poll
             at /Users/lijing/.cargo/registry/src/rsproxy.cn-e3de039b2554c837/tracing-0.1.41/src/instrument.rs:321:9
  12: tokio::runtime::task::core::Core<T,S>::poll::{{closure}}
             at /Users/lijing/.cargo/registry/src/rsproxy.cn-e3de039b2554c837/tokio-1.47.0/src/runtime/task/core.rs:365:17
  13: tokio::loom::std::unsafe_cell::UnsafeCell<T>::with_mut
             at /Users/lijing/.cargo/registry/src/rsproxy.cn-e3de039b2554c837/tokio-1.47.0/src/loom/std/unsafe_cell.rs:16:9
  14: tokio::runtime::task::core::Core<T,S>::poll
             at /Users/lijing/.cargo/registry/src/rsproxy.cn-e3de039b2554c837/tokio-1.47.0/src/runtime/task/core.rs:354:13
  15: tokio::runtime::task::harness::poll_future::{{closure}}
             at /Users/lijing/.cargo/registry/src/rsproxy.cn-e3de039b2554c837/tokio-1.47.0/src/runtime/task/harness.rs:535:19
  16: <core::panic::unwind_safe::AssertUnwindSafe<F> as core::ops::function::FnOnce<()>>::call_once
             at /Users/lijing/.rustup/toolchains/stable-aarch64-apple-darwin/lib/rustlib/src/rust/library/core/src/panic/unwind_safe.rs:272:9
  17: std::panicking::try::do_call
             at /Users/lijing/.rustup/toolchains/stable-aarch64-apple-darwin/lib/rustlib/src/rust/library/std/src/panicking.rs:589:40
  18: ___rust_try
  19: std::panicking::try
             at /Users/lijing/.rustup/toolchains/stable-aarch64-apple-darwin/lib/rustlib/src/rust/library/std/src/panicking.rs:552:19
  20: std::panic::catch_unwind
             at /Users/lijing/.rustup/toolchains/stable-aarch64-apple-darwin/lib/rustlib/src/rust/library/std/src/panic.rs:359:14
  21: tokio::runtime::task::harness::poll_future
             at /Users/lijing/.cargo/registry/src/rsproxy.cn-e3de039b2554c837/tokio-1.47.0/src/runtime/task/harness.rs:523:18
  22: tokio::runtime::task::harness::Harness<T,S>::poll_inner
             at /Users/lijing/.cargo/registry/src/rsproxy.cn-e3de039b2554c837/tokio-1.47.0/src/runtime/task/harness.rs:210:27
  23: tokio::runtime::task::harness::Harness<T,S>::poll
             at /Users/lijing/.cargo/registry/src/rsproxy.cn-e3de039b2554c837/tokio-1.47.0/src/runtime/task/harness.rs:155:15
  24: tokio::runtime::task::raw::poll
             at /Users/lijing/.cargo/registry/src/rsproxy.cn-e3de039b2554c837/tokio-1.47.0/src/runtime/task/raw.rs:325:5
  25: tokio::runtime::task::raw::RawTask::poll
             at /Users/lijing/.cargo/registry/src/rsproxy.cn-e3de039b2554c837/tokio-1.47.0/src/runtime/task/raw.rs:255:18
  26: tokio::runtime::task::LocalNotified<S>::run
             at /Users/lijing/.cargo/registry/src/rsproxy.cn-e3de039b2554c837/tokio-1.47.0/src/runtime/task/mod.rs:509:9
  27: tokio::runtime::scheduler::multi_thread::worker::Context::run_task::{{closure}}
             at /Users/lijing/.cargo/registry/src/rsproxy.cn-e3de039b2554c837/tokio-1.47.0/src/runtime/scheduler/multi_thread/worker.rs:677:17
  28: tokio::task::coop::with_budget
             at /Users/lijing/.cargo/registry/src/rsproxy.cn-e3de039b2554c837/tokio-1.47.0/src/task/coop/mod.rs:167:5
  29: tokio::task::coop::budget
             at /Users/lijing/.cargo/registry/src/rsproxy.cn-e3de039b2554c837/tokio-1.47.0/src/task/coop/mod.rs:133:5
  30: tokio::runtime::scheduler::multi_thread::worker::Context::run_task
             at /Users/lijing/.cargo/registry/src/rsproxy.cn-e3de039b2554c837/tokio-1.47.0/src/runtime/scheduler/multi_thread/worker.rs:591:9
  31: tokio::runtime::scheduler::multi_thread::worker::Context::run
             at /Users/lijing/.cargo/registry/src/rsproxy.cn-e3de039b2554c837/tokio-1.47.0/src/runtime/scheduler/multi_thread/worker.rs:551:24
  32: tokio::runtime::scheduler::multi_thread::worker::run::{{closure}}::{{closure}}
             at /Users/lijing/.cargo/registry/src/rsproxy.cn-e3de039b2554c837/tokio-1.47.0/src/runtime/scheduler/multi_thread/worker.rs:504:21
  33: tokio::runtime::context::scoped::Scoped<T>::set
             at /Users/lijing/.cargo/registry/src/rsproxy.cn-e3de039b2554c837/tokio-1.47.0/src/runtime/context/scoped.rs:40:9
  34: tokio::runtime::context::set_scheduler::{{closure}}
             at /Users/lijing/.cargo/registry/src/rsproxy.cn-e3de039b2554c837/tokio-1.47.0/src/runtime/context.rs:176:26
  35: std::thread::local::LocalKey<T>::try_with
             at /Users/lijing/.rustup/toolchains/stable-aarch64-apple-darwin/lib/rustlib/src/rust/library/std/src/thread/local.rs:315:12
  36: std::thread::local::LocalKey<T>::with
             at /Users/lijing/.rustup/toolchains/stable-aarch64-apple-darwin/lib/rustlib/src/rust/library/std/src/thread/local.rs:279:15
  37: tokio::runtime::context::set_scheduler
             at /Users/lijing/.cargo/registry/src/rsproxy.cn-e3de039b2554c837/tokio-1.47.0/src/runtime/context.rs:176:9
  38: tokio::runtime::scheduler::multi_thread::worker::run::{{closure}}
             at /Users/lijing/.cargo/registry/src/rsproxy.cn-e3de039b2554c837/tokio-1.47.0/src/runtime/scheduler/multi_thread/worker.rs:499:9
  39: tokio::runtime::context::runtime::enter_runtime
             at /Users/lijing/.cargo/registry/src/rsproxy.cn-e3de039b2554c837/tokio-1.47.0/src/runtime/context/runtime.rs:65:16
  40: tokio::runtime::scheduler::multi_thread::worker::run
             at /Users/lijing/.cargo/registry/src/rsproxy.cn-e3de039b2554c837/tokio-1.47.0/src/runtime/scheduler/multi_thread/worker.rs:491:5
  41: tokio::runtime::scheduler::multi_thread::worker::Launch::launch::{{closure}}
             at /Users/lijing/.cargo/registry/src/rsproxy.cn-e3de039b2554c837/tokio-1.47.0/src/runtime/scheduler/multi_thread/worker.rs:457:45
  42: <tokio::runtime::blocking::task::BlockingTask<T> as core::future::future::Future>::poll
             at /Users/lijing/.cargo/registry/src/rsproxy.cn-e3de039b2554c837/tokio-1.47.0/src/runtime/blocking/task.rs:42:21
  43: <tracing::instrument::Instrumented<T> as core::future::future::Future>::poll
             at /Users/lijing/.cargo/registry/src/rsproxy.cn-e3de039b2554c837/tracing-0.1.41/src/instrument.rs:321:9
  44: tokio::runtime::task::core::Core<T,S>::poll::{{closure}}
             at /Users/lijing/.cargo/registry/src/rsproxy.cn-e3de039b2554c837/tokio-1.47.0/src/runtime/task/core.rs:365:17
  45: tokio::loom::std::unsafe_cell::UnsafeCell<T>::with_mut
             at /Users/lijing/.cargo/registry/src/rsproxy.cn-e3de039b2554c837/tokio-1.47.0/src/loom/std/unsafe_cell.rs:16:9
  46: tokio::runtime::task::core::Core<T,S>::poll
             at /Users/lijing/.cargo/registry/src/rsproxy.cn-e3de039b2554c837/tokio-1.47.0/src/runtime/task/core.rs:354:13
  47: tokio::runtime::task::harness::poll_future::{{closure}}
             at /Users/lijing/.cargo/registry/src/rsproxy.cn-e3de039b2554c837/tokio-1.47.0/src/runtime/task/harness.rs:535:19
  48: <core::panic::unwind_safe::AssertUnwindSafe<F> as core::ops::function::FnOnce<()>>::call_once
             at /Users/lijing/.rustup/toolchains/stable-aarch64-apple-darwin/lib/rustlib/src/rust/library/core/src/panic/unwind_safe.rs:272:9
  49: std::panicking::try::do_call
             at /Users/lijing/.rustup/toolchains/stable-aarch64-apple-darwin/lib/rustlib/src/rust/library/std/src/panicking.rs:589:40
  50: ___rust_try
  51: std::panicking::try
             at /Users/lijing/.rustup/toolchains/stable-aarch64-apple-darwin/lib/rustlib/src/rust/library/std/src/panicking.rs:552:19
  52: std::panic::catch_unwind
             at /Users/lijing/.rustup/toolchains/stable-aarch64-apple-darwin/lib/rustlib/src/rust/library/std/src/panic.rs:359:14
  53: tokio::runtime::task::harness::poll_future
             at /Users/lijing/.cargo/registry/src/rsproxy.cn-e3de039b2554c837/tokio-1.47.0/src/runtime/task/harness.rs:523:18
  54: tokio::runtime::task::harness::Harness<T,S>::poll_inner
             at /Users/lijing/.cargo/registry/src/rsproxy.cn-e3de039b2554c837/tokio-1.47.0/src/runtime/task/harness.rs:210:27
  55: tokio::runtime::task::harness::Harness<T,S>::poll
             at /Users/lijing/.cargo/registry/src/rsproxy.cn-e3de039b2554c837/tokio-1.47.0/src/runtime/task/harness.rs:155:15
  56: tokio::runtime::task::raw::poll
             at /Users/lijing/.cargo/registry/src/rsproxy.cn-e3de039b2554c837/tokio-1.47.0/src/runtime/task/raw.rs:325:5
  57: tokio::runtime::task::raw::RawTask::poll
             at /Users/lijing/.cargo/registry/src/rsproxy.cn-e3de039b2554c837/tokio-1.47.0/src/runtime/task/raw.rs:255:18
  58: tokio::runtime::task::UnownedTask<S>::run
             at /Users/lijing/.cargo/registry/src/rsproxy.cn-e3de039b2554c837/tokio-1.47.0/src/runtime/task/mod.rs:546:9
  59: tokio::runtime::blocking::pool::Task::run
             at /Users/lijing/.cargo/registry/src/rsproxy.cn-e3de039b2554c837/tokio-1.47.0/src/runtime/blocking/pool.rs:161:9
  60: tokio::runtime::blocking::pool::Inner::run
             at /Users/lijing/.cargo/registry/src/rsproxy.cn-e3de039b2554c837/tokio-1.47.0/src/runtime/blocking/pool.rs:516:17
  61: tokio::runtime::blocking::pool::Spawner::spawn_thread::{{closure}}
             at /Users/lijing/.cargo/registry/src/rsproxy.cn-e3de039b2554c837/tokio-1.47.0/src/runtime/blocking/pool.rs:474:13
  62: std::sys::backtrace::__rust_begin_short_backtrace
             at /Users/lijing/.rustup/toolchains/stable-aarch64-apple-darwin/lib/rustlib/src/rust/library/std/src/sys/backtrace.rs:152:18
  63: std::thread::Builder::spawn_unchecked_::{{closure}}::{{closure}}
             at /Users/lijing/.rustup/toolchains/stable-aarch64-apple-darwin/lib/rustlib/src/rust/library/std/src/thread/mod.rs:559:17
  64: <core::panic::unwind_safe::AssertUnwindSafe<F> as core::ops::function::FnOnce<()>>::call_once
             at /Users/lijing/.rustup/toolchains/stable-aarch64-apple-darwin/lib/rustlib/src/rust/library/core/src/panic/unwind_safe.rs:272:9
  65: std::panicking::try::do_call
             at /Users/lijing/.rustup/toolchains/stable-aarch64-apple-darwin/lib/rustlib/src/rust/library/std/src/panicking.rs:589:40
  66: ___rust_try
  67: std::panicking::try
             at /Users/lijing/.rustup/toolchains/stable-aarch64-apple-darwin/lib/rustlib/src/rust/library/std/src/panicking.rs:552:19
  68: std::panic::catch_unwind
             at /Users/lijing/.rustup/toolchains/stable-aarch64-apple-darwin/lib/rustlib/src/rust/library/std/src/panic.rs:359:14
  69: std::thread::Builder::spawn_unchecked_::{{closure}}
             at /Users/lijing/.rustup/toolchains/stable-aarch64-apple-darwin/lib/rustlib/src/rust/library/std/src/thread/mod.rs:557:30
  70: core::ops::function::FnOnce::call_once{{vtable.shim}}
             at /Users/lijing/.rustup/toolchains/stable-aarch64-apple-darwin/lib/rustlib/src/rust/library/core/src/ops/function.rs:250:5
  71: <alloc::boxed::Box<F,A> as core::ops::function::FnOnce<Args>>::call_once
             at /rustc/6b00bc3880198600130e1cf62b8f8a93494488cc/library/alloc/src/boxed.rs:1966:9
  72: <alloc::boxed::Box<F,A> as core::ops::function::FnOnce<Args>>::call_once
             at /rustc/6b00bc3880198600130e1cf62b8f8a93494488cc/library/alloc/src/boxed.rs:1966:9
  73: std::sys::pal::unix::thread::Thread::new::thread_start
             at /rustc/6b00bc3880198600130e1cf62b8f8a93494488cc/library/std/src/sys/pal/unix/thread.rs:97:17
  74: __pthread_cond_wait
2025-07-27 15:27:00 ERROR block_demo::domain::svg_chat_service: 21: process_task_with_retry ERROR: HTTP status client error (404 Not Found) for url (http://fa.okjiaoyu.cn/https:/www.google.com.hk/imgres?q=handwriting%20svg&imgurl=https%3A%2F%2Fi.fbcd.co%2Fproducts%2Fresized%2Fresized-750-500%2Fea8c0bc9d8a887e158db6a171ff711d60eeb83da6fb057786fc82b5a3704b124.jpg&imgrefurl=https%3A%2F%2Ffontbundles.net%2Fka-designs%2F241970-washington-a-handwritten-svg-script-font&docid=Q_Xd6mbZf_yGOM&tbnid=0hDDLa3TtU0IoM&vet=12ahUKEwi6lKjnqN2OAxVTslYBHYwlKWUQM3oECBEQAA..i&w=750&h=500&hcb=2&ved=2ahUKEwi6lKjnqN2OAxVTslYBHYwlKWUQM3oECBEQAA)

Stack backtrace:
   0: std::backtrace_rs::backtrace::libunwind::trace
             at /rustc/6b00bc3880198600130e1cf62b8f8a93494488cc/library/std/src/../../backtrace/src/backtrace/libunwind.rs:117:9
   1: std::backtrace_rs::backtrace::trace_unsynchronized
             at /rustc/6b00bc3880198600130e1cf62b8f8a93494488cc/library/std/src/../../backtrace/src/backtrace/mod.rs:66:14
   2: std::backtrace::Backtrace::create
             at /rustc/6b00bc3880198600130e1cf62b8f8a93494488cc/library/std/src/backtrace.rs:331:13
   3: anyhow::kind::Adhoc::new
             at /Users/lijing/.cargo/registry/src/rsproxy.cn-e3de039b2554c837/anyhow-1.0.98/src/backtrace.rs:27:14
   4: block_demo::infra::svg_util::SvgUtil::process_suffix_svg::{{closure}}
             at ./src/infra/svg_util.rs:93:24
   5: block_demo::infra::svg_util::SvgUtil::batch_process_svgs::{{closure}}
             at ./src/infra/svg_util.rs:27:56
   6: block_demo::domain::svg_chat_service::SVGChatService::exec_single_processor::{{closure}}
             at ./src/domain/svg_chat_service.rs:39:83
   7: block_demo::domain::svg_chat_service::SVGChatService::process_single::{{closure}}
             at ./src/domain/svg_chat_service.rs:34:42
   8: block_demo::domain::svg_chat_service::SVGChatService::process_async::{{closure}}
             at ./src/domain/svg_chat_service.rs:28:42
   9: block_demo::domain::svg_chat_service::SVGChatService::process_task_with_retry::{{closure}}
             at ./src/domain/svg_chat_service.rs:12:51
  10: block_demo::application::chat_service::svg_chat::{{closure}}::{{closure}}
             at ./src/application/chat_service.rs:9:62
  11: <tracing::instrument::Instrumented<T> as core::future::future::Future>::poll
             at /Users/lijing/.cargo/registry/src/rsproxy.cn-e3de039b2554c837/tracing-0.1.41/src/instrument.rs:321:9
  12: tokio::runtime::task::core::Core<T,S>::poll::{{closure}}
             at /Users/lijing/.cargo/registry/src/rsproxy.cn-e3de039b2554c837/tokio-1.47.0/src/runtime/task/core.rs:365:17
  13: tokio::loom::std::unsafe_cell::UnsafeCell<T>::with_mut
             at /Users/lijing/.cargo/registry/src/rsproxy.cn-e3de039b2554c837/tokio-1.47.0/src/loom/std/unsafe_cell.rs:16:9
  14: tokio::runtime::task::core::Core<T,S>::poll
             at /Users/lijing/.cargo/registry/src/rsproxy.cn-e3de039b2554c837/tokio-1.47.0/src/runtime/task/core.rs:354:13
  15: tokio::runtime::task::harness::poll_future::{{closure}}
             at /Users/lijing/.cargo/registry/src/rsproxy.cn-e3de039b2554c837/tokio-1.47.0/src/runtime/task/harness.rs:535:19
  16: <core::panic::unwind_safe::AssertUnwindSafe<F> as core::ops::function::FnOnce<()>>::call_once
             at /Users/lijing/.rustup/toolchains/stable-aarch64-apple-darwin/lib/rustlib/src/rust/library/core/src/panic/unwind_safe.rs:272:9
  17: std::panicking::try::do_call
             at /Users/lijing/.rustup/toolchains/stable-aarch64-apple-darwin/lib/rustlib/src/rust/library/std/src/panicking.rs:589:40
  18: ___rust_try
  19: std::panicking::try
             at /Users/lijing/.rustup/toolchains/stable-aarch64-apple-darwin/lib/rustlib/src/rust/library/std/src/panicking.rs:552:19
  20: std::panic::catch_unwind
             at /Users/lijing/.rustup/toolchains/stable-aarch64-apple-darwin/lib/rustlib/src/rust/library/std/src/panic.rs:359:14
  21: tokio::runtime::task::harness::poll_future
             at /Users/lijing/.cargo/registry/src/rsproxy.cn-e3de039b2554c837/tokio-1.47.0/src/runtime/task/harness.rs:523:18
  22: tokio::runtime::task::harness::Harness<T,S>::poll_inner
             at /Users/lijing/.cargo/registry/src/rsproxy.cn-e3de039b2554c837/tokio-1.47.0/src/runtime/task/harness.rs:210:27
  23: tokio::runtime::task::harness::Harness<T,S>::poll
             at /Users/lijing/.cargo/registry/src/rsproxy.cn-e3de039b2554c837/tokio-1.47.0/src/runtime/task/harness.rs:155:15
  24: tokio::runtime::task::raw::poll
             at /Users/lijing/.cargo/registry/src/rsproxy.cn-e3de039b2554c837/tokio-1.47.0/src/runtime/task/raw.rs:325:5
  25: tokio::runtime::task::raw::RawTask::poll
             at /Users/lijing/.cargo/registry/src/rsproxy.cn-e3de039b2554c837/tokio-1.47.0/src/runtime/task/raw.rs:255:18
  26: tokio::runtime::task::LocalNotified<S>::run
             at /Users/lijing/.cargo/registry/src/rsproxy.cn-e3de039b2554c837/tokio-1.47.0/src/runtime/task/mod.rs:509:9
  27: tokio::runtime::scheduler::multi_thread::worker::Context::run_task::{{closure}}
             at /Users/lijing/.cargo/registry/src/rsproxy.cn-e3de039b2554c837/tokio-1.47.0/src/runtime/scheduler/multi_thread/worker.rs:677:17
  28: tokio::task::coop::with_budget
             at /Users/lijing/.cargo/registry/src/rsproxy.cn-e3de039b2554c837/tokio-1.47.0/src/task/coop/mod.rs:167:5
  29: tokio::task::coop::budget
             at /Users/lijing/.cargo/registry/src/rsproxy.cn-e3de039b2554c837/tokio-1.47.0/src/task/coop/mod.rs:133:5
  30: tokio::runtime::scheduler::multi_thread::worker::Context::run_task
             at /Users/lijing/.cargo/registry/src/rsproxy.cn-e3de039b2554c837/tokio-1.47.0/src/runtime/scheduler/multi_thread/worker.rs:591:9
  31: tokio::runtime::scheduler::multi_thread::worker::Context::run
             at /Users/lijing/.cargo/registry/src/rsproxy.cn-e3de039b2554c837/tokio-1.47.0/src/runtime/scheduler/multi_thread/worker.rs:551:24
  32: tokio::runtime::scheduler::multi_thread::worker::run::{{closure}}::{{closure}}
             at /Users/lijing/.cargo/registry/src/rsproxy.cn-e3de039b2554c837/tokio-1.47.0/src/runtime/scheduler/multi_thread/worker.rs:504:21
  33: tokio::runtime::context::scoped::Scoped<T>::set
             at /Users/lijing/.cargo/registry/src/rsproxy.cn-e3de039b2554c837/tokio-1.47.0/src/runtime/context/scoped.rs:40:9
  34: tokio::runtime::context::set_scheduler::{{closure}}
             at /Users/lijing/.cargo/registry/src/rsproxy.cn-e3de039b2554c837/tokio-1.47.0/src/runtime/context.rs:176:26
  35: std::thread::local::LocalKey<T>::try_with
             at /Users/lijing/.rustup/toolchains/stable-aarch64-apple-darwin/lib/rustlib/src/rust/library/std/src/thread/local.rs:315:12
  36: std::thread::local::LocalKey<T>::with
             at /Users/lijing/.rustup/toolchains/stable-aarch64-apple-darwin/lib/rustlib/src/rust/library/std/src/thread/local.rs:279:15
  37: tokio::runtime::context::set_scheduler
             at /Users/lijing/.cargo/registry/src/rsproxy.cn-e3de039b2554c837/tokio-1.47.0/src/runtime/context.rs:176:9
  38: tokio::runtime::scheduler::multi_thread::worker::run::{{closure}}
             at /Users/lijing/.cargo/registry/src/rsproxy.cn-e3de039b2554c837/tokio-1.47.0/src/runtime/scheduler/multi_thread/worker.rs:499:9
  39: tokio::runtime::context::runtime::enter_runtime
             at /Users/lijing/.cargo/registry/src/rsproxy.cn-e3de039b2554c837/tokio-1.47.0/src/runtime/context/runtime.rs:65:16
  40: tokio::runtime::scheduler::multi_thread::worker::run
             at /Users/lijing/.cargo/registry/src/rsproxy.cn-e3de039b2554c837/tokio-1.47.0/src/runtime/scheduler/multi_thread/worker.rs:491:5
  41: tokio::runtime::scheduler::multi_thread::worker::Launch::launch::{{closure}}
             at /Users/lijing/.cargo/registry/src/rsproxy.cn-e3de039b2554c837/tokio-1.47.0/src/runtime/scheduler/multi_thread/worker.rs:457:45
  42: <tokio::runtime::blocking::task::BlockingTask<T> as core::future::future::Future>::poll
             at /Users/lijing/.cargo/registry/src/rsproxy.cn-e3de039b2554c837/tokio-1.47.0/src/runtime/blocking/task.rs:42:21
  43: <tracing::instrument::Instrumented<T> as core::future::future::Future>::poll
             at /Users/lijing/.cargo/registry/src/rsproxy.cn-e3de039b2554c837/tracing-0.1.41/src/instrument.rs:321:9
  44: tokio::runtime::task::core::Core<T,S>::poll::{{closure}}
             at /Users/lijing/.cargo/registry/src/rsproxy.cn-e3de039b2554c837/tokio-1.47.0/src/runtime/task/core.rs:365:17
  45: tokio::loom::std::unsafe_cell::UnsafeCell<T>::with_mut
             at /Users/lijing/.cargo/registry/src/rsproxy.cn-e3de039b2554c837/tokio-1.47.0/src/loom/std/unsafe_cell.rs:16:9
  46: tokio::runtime::task::core::Core<T,S>::poll
             at /Users/lijing/.cargo/registry/src/rsproxy.cn-e3de039b2554c837/tokio-1.47.0/src/runtime/task/core.rs:354:13
  47: tokio::runtime::task::harness::poll_future::{{closure}}
             at /Users/lijing/.cargo/registry/src/rsproxy.cn-e3de039b2554c837/tokio-1.47.0/src/runtime/task/harness.rs:535:19
  48: <core::panic::unwind_safe::AssertUnwindSafe<F> as core::ops::function::FnOnce<()>>::call_once
             at /Users/lijing/.rustup/toolchains/stable-aarch64-apple-darwin/lib/rustlib/src/rust/library/core/src/panic/unwind_safe.rs:272:9
  49: std::panicking::try::do_call
             at /Users/lijing/.rustup/toolchains/stable-aarch64-apple-darwin/lib/rustlib/src/rust/library/std/src/panicking.rs:589:40
  50: ___rust_try
  51: std::panicking::try
             at /Users/lijing/.rustup/toolchains/stable-aarch64-apple-darwin/lib/rustlib/src/rust/library/std/src/panicking.rs:552:19
  52: std::panic::catch_unwind
             at /Users/lijing/.rustup/toolchains/stable-aarch64-apple-darwin/lib/rustlib/src/rust/library/std/src/panic.rs:359:14
  53: tokio::runtime::task::harness::poll_future
             at /Users/lijing/.cargo/registry/src/rsproxy.cn-e3de039b2554c837/tokio-1.47.0/src/runtime/task/harness.rs:523:18
  54: tokio::runtime::task::harness::Harness<T,S>::poll_inner
             at /Users/lijing/.cargo/registry/src/rsproxy.cn-e3de039b2554c837/tokio-1.47.0/src/runtime/task/harness.rs:210:27
  55: tokio::runtime::task::harness::Harness<T,S>::poll
             at /Users/lijing/.cargo/registry/src/rsproxy.cn-e3de039b2554c837/tokio-1.47.0/src/runtime/task/harness.rs:155:15
  56: tokio::runtime::task::raw::poll
             at /Users/lijing/.cargo/registry/src/rsproxy.cn-e3de039b2554c837/tokio-1.47.0/src/runtime/task/raw.rs:325:5
  57: tokio::runtime::task::raw::RawTask::poll
             at /Users/lijing/.cargo/registry/src/rsproxy.cn-e3de039b2554c837/tokio-1.47.0/src/runtime/task/raw.rs:255:18
  58: tokio::runtime::task::UnownedTask<S>::run
             at /Users/lijing/.cargo/registry/src/rsproxy.cn-e3de039b2554c837/tokio-1.47.0/src/runtime/task/mod.rs:546:9
  59: tokio::runtime::blocking::pool::Task::run
             at /Users/lijing/.cargo/registry/src/rsproxy.cn-e3de039b2554c837/tokio-1.47.0/src/runtime/blocking/pool.rs:161:9
  60: tokio::runtime::blocking::pool::Inner::run
             at /Users/lijing/.cargo/registry/src/rsproxy.cn-e3de039b2554c837/tokio-1.47.0/src/runtime/blocking/pool.rs:516:17
  61: tokio::runtime::blocking::pool::Spawner::spawn_thread::{{closure}}
             at /Users/lijing/.cargo/registry/src/rsproxy.cn-e3de039b2554c837/tokio-1.47.0/src/runtime/blocking/pool.rs:474:13
  62: std::sys::backtrace::__rust_begin_short_backtrace
             at /Users/lijing/.rustup/toolchains/stable-aarch64-apple-darwin/lib/rustlib/src/rust/library/std/src/sys/backtrace.rs:152:18
  63: std::thread::Builder::spawn_unchecked_::{{closure}}::{{closure}}
             at /Users/lijing/.rustup/toolchains/stable-aarch64-apple-darwin/lib/rustlib/src/rust/library/std/src/thread/mod.rs:559:17
  64: <core::panic::unwind_safe::AssertUnwindSafe<F> as core::ops::function::FnOnce<()>>::call_once
             at /Users/lijing/.rustup/toolchains/stable-aarch64-apple-darwin/lib/rustlib/src/rust/library/core/src/panic/unwind_safe.rs:272:9
  65: std::panicking::try::do_call
             at /Users/lijing/.rustup/toolchains/stable-aarch64-apple-darwin/lib/rustlib/src/rust/library/std/src/panicking.rs:589:40
  66: ___rust_try
  67: std::panicking::try
             at /Users/lijing/.rustup/toolchains/stable-aarch64-apple-darwin/lib/rustlib/src/rust/library/std/src/panicking.rs:552:19
  68: std::panic::catch_unwind
             at /Users/lijing/.rustup/toolchains/stable-aarch64-apple-darwin/lib/rustlib/src/rust/library/std/src/panic.rs:359:14
  69: std::thread::Builder::spawn_unchecked_::{{closure}}
             at /Users/lijing/.rustup/toolchains/stable-aarch64-apple-darwin/lib/rustlib/src/rust/library/std/src/thread/mod.rs:557:30
  70: core::ops::function::FnOnce::call_once{{vtable.shim}}
             at /Users/lijing/.rustup/toolchains/stable-aarch64-apple-darwin/lib/rustlib/src/rust/library/core/src/ops/function.rs:250:5
  71: <alloc::boxed::Box<F,A> as core::ops::function::FnOnce<Args>>::call_once
             at /rustc/6b00bc3880198600130e1cf62b8f8a93494488cc/library/alloc/src/boxed.rs:1966:9
  72: <alloc::boxed::Box<F,A> as core::ops::function::FnOnce<Args>>::call_once
             at /rustc/6b00bc3880198600130e1cf62b8f8a93494488cc/library/alloc/src/boxed.rs:1966:9
  73: std::sys::pal::unix::thread::Thread::new::thread_start
             at /rustc/6b00bc3880198600130e1cf62b8f8a93494488cc/library/std/src/sys/pal/unix/thread.rs:97:17
  74: __pthread_cond_wait
2025-07-27 15:28:00  INFO block_demo: 26: listening on 0.0.0.0:8080
2025-07-27 15:29:56  WARN {trace_id="PbVmQVcf1ut9NSL-vbVnb"}: block_demo::domain::svg_chat_service: 17: retry 1: Not processed

Stack backtrace:
   0: std::backtrace_rs::backtrace::libunwind::trace
             at /rustc/6b00bc3880198600130e1cf62b8f8a93494488cc/library/std/src/../../backtrace/src/backtrace/libunwind.rs:117:9
   1: std::backtrace_rs::backtrace::trace_unsynchronized
             at /rustc/6b00bc3880198600130e1cf62b8f8a93494488cc/library/std/src/../../backtrace/src/backtrace/mod.rs:66:14
   2: std::backtrace::Backtrace::create
             at /rustc/6b00bc3880198600130e1cf62b8f8a93494488cc/library/std/src/backtrace.rs:331:13
   3: anyhow::kind::Adhoc::new
             at /Users/lijing/.cargo/registry/src/rsproxy.cn-e3de039b2554c837/anyhow-1.0.98/src/backtrace.rs:27:14
   4: block_demo::infra::svg_util::SvgUtil::batch_process_svgs::{{closure}}
             at ./src/infra/svg_util.rs:31:28
   5: block_demo::domain::svg_chat_service::SVGChatService::exec_single_processor::{{closure}}
             at ./src/domain/svg_chat_service.rs:39:83
   6: block_demo::domain::svg_chat_service::SVGChatService::process_single::{{closure}}
             at ./src/domain/svg_chat_service.rs:34:42
   7: block_demo::domain::svg_chat_service::SVGChatService::process_async::{{closure}}
             at ./src/domain/svg_chat_service.rs:28:42
   8: block_demo::domain::svg_chat_service::SVGChatService::process_task_with_retry::{{closure}}
             at ./src/domain/svg_chat_service.rs:12:51
   9: block_demo::application::chat_service::svg_chat::{{closure}}::{{closure}}
             at ./src/application/chat_service.rs:11:62
  10: <tracing::instrument::Instrumented<T> as core::future::future::Future>::poll
             at /Users/lijing/.cargo/registry/src/rsproxy.cn-e3de039b2554c837/tracing-0.1.41/src/instrument.rs:321:9
  11: <tracing::instrument::Instrumented<T> as core::future::future::Future>::poll
             at /Users/lijing/.cargo/registry/src/rsproxy.cn-e3de039b2554c837/tracing-0.1.41/src/instrument.rs:321:9
  12: tokio::runtime::task::core::Core<T,S>::poll::{{closure}}
             at /Users/lijing/.cargo/registry/src/rsproxy.cn-e3de039b2554c837/tokio-1.47.0/src/runtime/task/core.rs:365:17
  13: tokio::loom::std::unsafe_cell::UnsafeCell<T>::with_mut
             at /Users/lijing/.cargo/registry/src/rsproxy.cn-e3de039b2554c837/tokio-1.47.0/src/loom/std/unsafe_cell.rs:16:9
  14: tokio::runtime::task::core::Core<T,S>::poll
             at /Users/lijing/.cargo/registry/src/rsproxy.cn-e3de039b2554c837/tokio-1.47.0/src/runtime/task/core.rs:354:13
  15: tokio::runtime::task::harness::poll_future::{{closure}}
             at /Users/lijing/.cargo/registry/src/rsproxy.cn-e3de039b2554c837/tokio-1.47.0/src/runtime/task/harness.rs:535:19
  16: <core::panic::unwind_safe::AssertUnwindSafe<F> as core::ops::function::FnOnce<()>>::call_once
             at /Users/lijing/.rustup/toolchains/stable-aarch64-apple-darwin/lib/rustlib/src/rust/library/core/src/panic/unwind_safe.rs:272:9
  17: std::panicking::try::do_call
             at /Users/lijing/.rustup/toolchains/stable-aarch64-apple-darwin/lib/rustlib/src/rust/library/std/src/panicking.rs:589:40
  18: ___rust_try
  19: std::panicking::try
             at /Users/lijing/.rustup/toolchains/stable-aarch64-apple-darwin/lib/rustlib/src/rust/library/std/src/panicking.rs:552:19
  20: std::panic::catch_unwind
             at /Users/lijing/.rustup/toolchains/stable-aarch64-apple-darwin/lib/rustlib/src/rust/library/std/src/panic.rs:359:14
  21: tokio::runtime::task::harness::poll_future
             at /Users/lijing/.cargo/registry/src/rsproxy.cn-e3de039b2554c837/tokio-1.47.0/src/runtime/task/harness.rs:523:18
  22: tokio::runtime::task::harness::Harness<T,S>::poll_inner
             at /Users/lijing/.cargo/registry/src/rsproxy.cn-e3de039b2554c837/tokio-1.47.0/src/runtime/task/harness.rs:210:27
  23: tokio::runtime::task::harness::Harness<T,S>::poll
             at /Users/lijing/.cargo/registry/src/rsproxy.cn-e3de039b2554c837/tokio-1.47.0/src/runtime/task/harness.rs:155:15
  24: tokio::runtime::task::raw::poll
             at /Users/lijing/.cargo/registry/src/rsproxy.cn-e3de039b2554c837/tokio-1.47.0/src/runtime/task/raw.rs:325:5
  25: tokio::runtime::task::raw::RawTask::poll
             at /Users/lijing/.cargo/registry/src/rsproxy.cn-e3de039b2554c837/tokio-1.47.0/src/runtime/task/raw.rs:255:18
  26: tokio::runtime::task::LocalNotified<S>::run
             at /Users/lijing/.cargo/registry/src/rsproxy.cn-e3de039b2554c837/tokio-1.47.0/src/runtime/task/mod.rs:509:9
  27: tokio::runtime::scheduler::multi_thread::worker::Context::run_task::{{closure}}
             at /Users/lijing/.cargo/registry/src/rsproxy.cn-e3de039b2554c837/tokio-1.47.0/src/runtime/scheduler/multi_thread/worker.rs:600:13
  28: tokio::task::coop::with_budget
             at /Users/lijing/.cargo/registry/src/rsproxy.cn-e3de039b2554c837/tokio-1.47.0/src/task/coop/mod.rs:167:5
  29: tokio::task::coop::budget
             at /Users/lijing/.cargo/registry/src/rsproxy.cn-e3de039b2554c837/tokio-1.47.0/src/task/coop/mod.rs:133:5
  30: tokio::runtime::scheduler::multi_thread::worker::Context::run_task
             at /Users/lijing/.cargo/registry/src/rsproxy.cn-e3de039b2554c837/tokio-1.47.0/src/runtime/scheduler/multi_thread/worker.rs:591:9
  31: tokio::runtime::scheduler::multi_thread::worker::Context::run
             at /Users/lijing/.cargo/registry/src/rsproxy.cn-e3de039b2554c837/tokio-1.47.0/src/runtime/scheduler/multi_thread/worker.rs:539:24
  32: tokio::runtime::scheduler::multi_thread::worker::run::{{closure}}::{{closure}}
             at /Users/lijing/.cargo/registry/src/rsproxy.cn-e3de039b2554c837/tokio-1.47.0/src/runtime/scheduler/multi_thread/worker.rs:504:21
  33: tokio::runtime::context::scoped::Scoped<T>::set
             at /Users/lijing/.cargo/registry/src/rsproxy.cn-e3de039b2554c837/tokio-1.47.0/src/runtime/context/scoped.rs:40:9
  34: tokio::runtime::context::set_scheduler::{{closure}}
             at /Users/lijing/.cargo/registry/src/rsproxy.cn-e3de039b2554c837/tokio-1.47.0/src/runtime/context.rs:176:26
  35: std::thread::local::LocalKey<T>::try_with
             at /Users/lijing/.rustup/toolchains/stable-aarch64-apple-darwin/lib/rustlib/src/rust/library/std/src/thread/local.rs:315:12
  36: std::thread::local::LocalKey<T>::with
             at /Users/lijing/.rustup/toolchains/stable-aarch64-apple-darwin/lib/rustlib/src/rust/library/std/src/thread/local.rs:279:15
  37: tokio::runtime::context::set_scheduler
             at /Users/lijing/.cargo/registry/src/rsproxy.cn-e3de039b2554c837/tokio-1.47.0/src/runtime/context.rs:176:9
  38: tokio::runtime::scheduler::multi_thread::worker::run::{{closure}}
             at /Users/lijing/.cargo/registry/src/rsproxy.cn-e3de039b2554c837/tokio-1.47.0/src/runtime/scheduler/multi_thread/worker.rs:499:9
  39: tokio::runtime::context::runtime::enter_runtime
             at /Users/lijing/.cargo/registry/src/rsproxy.cn-e3de039b2554c837/tokio-1.47.0/src/runtime/context/runtime.rs:65:16
  40: tokio::runtime::scheduler::multi_thread::worker::run
             at /Users/lijing/.cargo/registry/src/rsproxy.cn-e3de039b2554c837/tokio-1.47.0/src/runtime/scheduler/multi_thread/worker.rs:491:5
  41: tokio::runtime::scheduler::multi_thread::worker::Launch::launch::{{closure}}
             at /Users/lijing/.cargo/registry/src/rsproxy.cn-e3de039b2554c837/tokio-1.47.0/src/runtime/scheduler/multi_thread/worker.rs:457:45
  42: <tokio::runtime::blocking::task::BlockingTask<T> as core::future::future::Future>::poll
             at /Users/lijing/.cargo/registry/src/rsproxy.cn-e3de039b2554c837/tokio-1.47.0/src/runtime/blocking/task.rs:42:21
  43: <tracing::instrument::Instrumented<T> as core::future::future::Future>::poll
             at /Users/lijing/.cargo/registry/src/rsproxy.cn-e3de039b2554c837/tracing-0.1.41/src/instrument.rs:321:9
  44: tokio::runtime::task::core::Core<T,S>::poll::{{closure}}
             at /Users/lijing/.cargo/registry/src/rsproxy.cn-e3de039b2554c837/tokio-1.47.0/src/runtime/task/core.rs:365:17
  45: tokio::loom::std::unsafe_cell::UnsafeCell<T>::with_mut
             at /Users/lijing/.cargo/registry/src/rsproxy.cn-e3de039b2554c837/tokio-1.47.0/src/loom/std/unsafe_cell.rs:16:9
  46: tokio::runtime::task::core::Core<T,S>::poll
             at /Users/lijing/.cargo/registry/src/rsproxy.cn-e3de039b2554c837/tokio-1.47.0/src/runtime/task/core.rs:354:13
  47: tokio::runtime::task::harness::poll_future::{{closure}}
             at /Users/lijing/.cargo/registry/src/rsproxy.cn-e3de039b2554c837/tokio-1.47.0/src/runtime/task/harness.rs:535:19
  48: <core::panic::unwind_safe::AssertUnwindSafe<F> as core::ops::function::FnOnce<()>>::call_once
             at /Users/lijing/.rustup/toolchains/stable-aarch64-apple-darwin/lib/rustlib/src/rust/library/core/src/panic/unwind_safe.rs:272:9
  49: std::panicking::try::do_call
             at /Users/lijing/.rustup/toolchains/stable-aarch64-apple-darwin/lib/rustlib/src/rust/library/std/src/panicking.rs:589:40
  50: ___rust_try
  51: std::panicking::try
             at /Users/lijing/.rustup/toolchains/stable-aarch64-apple-darwin/lib/rustlib/src/rust/library/std/src/panicking.rs:552:19
  52: std::panic::catch_unwind
             at /Users/lijing/.rustup/toolchains/stable-aarch64-apple-darwin/lib/rustlib/src/rust/library/std/src/panic.rs:359:14
  53: tokio::runtime::task::harness::poll_future
             at /Users/lijing/.cargo/registry/src/rsproxy.cn-e3de039b2554c837/tokio-1.47.0/src/runtime/task/harness.rs:523:18
  54: tokio::runtime::task::harness::Harness<T,S>::poll_inner
             at /Users/lijing/.cargo/registry/src/rsproxy.cn-e3de039b2554c837/tokio-1.47.0/src/runtime/task/harness.rs:210:27
  55: tokio::runtime::task::harness::Harness<T,S>::poll
             at /Users/lijing/.cargo/registry/src/rsproxy.cn-e3de039b2554c837/tokio-1.47.0/src/runtime/task/harness.rs:155:15
  56: tokio::runtime::task::raw::poll
             at /Users/lijing/.cargo/registry/src/rsproxy.cn-e3de039b2554c837/tokio-1.47.0/src/runtime/task/raw.rs:325:5
  57: tokio::runtime::task::raw::RawTask::poll
             at /Users/lijing/.cargo/registry/src/rsproxy.cn-e3de039b2554c837/tokio-1.47.0/src/runtime/task/raw.rs:255:18
  58: tokio::runtime::task::UnownedTask<S>::run
             at /Users/lijing/.cargo/registry/src/rsproxy.cn-e3de039b2554c837/tokio-1.47.0/src/runtime/task/mod.rs:546:9
  59: tokio::runtime::blocking::pool::Task::run
             at /Users/lijing/.cargo/registry/src/rsproxy.cn-e3de039b2554c837/tokio-1.47.0/src/runtime/blocking/pool.rs:161:9
  60: tokio::runtime::blocking::pool::Inner::run
             at /Users/lijing/.cargo/registry/src/rsproxy.cn-e3de039b2554c837/tokio-1.47.0/src/runtime/blocking/pool.rs:516:17
  61: tokio::runtime::blocking::pool::Spawner::spawn_thread::{{closure}}
             at /Users/lijing/.cargo/registry/src/rsproxy.cn-e3de039b2554c837/tokio-1.47.0/src/runtime/blocking/pool.rs:474:13
  62: std::sys::backtrace::__rust_begin_short_backtrace
             at /Users/lijing/.rustup/toolchains/stable-aarch64-apple-darwin/lib/rustlib/src/rust/library/std/src/sys/backtrace.rs:152:18
  63: std::thread::Builder::spawn_unchecked_::{{closure}}::{{closure}}
             at /Users/lijing/.rustup/toolchains/stable-aarch64-apple-darwin/lib/rustlib/src/rust/library/std/src/thread/mod.rs:559:17
  64: <core::panic::unwind_safe::AssertUnwindSafe<F> as core::ops::function::FnOnce<()>>::call_once
             at /Users/lijing/.rustup/toolchains/stable-aarch64-apple-darwin/lib/rustlib/src/rust/library/core/src/panic/unwind_safe.rs:272:9
  65: std::panicking::try::do_call
             at /Users/lijing/.rustup/toolchains/stable-aarch64-apple-darwin/lib/rustlib/src/rust/library/std/src/panicking.rs:589:40
  66: ___rust_try
  67: std::panicking::try
             at /Users/lijing/.rustup/toolchains/stable-aarch64-apple-darwin/lib/rustlib/src/rust/library/std/src/panicking.rs:552:19
  68: std::panic::catch_unwind
             at /Users/lijing/.rustup/toolchains/stable-aarch64-apple-darwin/lib/rustlib/src/rust/library/std/src/panic.rs:359:14
  69: std::thread::Builder::spawn_unchecked_::{{closure}}
             at /Users/lijing/.rustup/toolchains/stable-aarch64-apple-darwin/lib/rustlib/src/rust/library/std/src/thread/mod.rs:557:30
  70: core::ops::function::FnOnce::call_once{{vtable.shim}}
             at /Users/lijing/.rustup/toolchains/stable-aarch64-apple-darwin/lib/rustlib/src/rust/library/core/src/ops/function.rs:250:5
  71: <alloc::boxed::Box<F,A> as core::ops::function::FnOnce<Args>>::call_once
             at /rustc/6b00bc3880198600130e1cf62b8f8a93494488cc/library/alloc/src/boxed.rs:1966:9
  72: <alloc::boxed::Box<F,A> as core::ops::function::FnOnce<Args>>::call_once
             at /rustc/6b00bc3880198600130e1cf62b8f8a93494488cc/library/alloc/src/boxed.rs:1966:9
  73: std::sys::pal::unix::thread::Thread::new::thread_start
             at /rustc/6b00bc3880198600130e1cf62b8f8a93494488cc/library/std/src/sys/pal/unix/thread.rs:97:17
  74: __pthread_cond_wait
2025-07-27 15:29:57  WARN {trace_id="PbVmQVcf1ut9NSL-vbVnb"}: block_demo::domain::svg_chat_service: 17: retry 2: Not processed

Stack backtrace:
   0: std::backtrace_rs::backtrace::libunwind::trace
             at /rustc/6b00bc3880198600130e1cf62b8f8a93494488cc/library/std/src/../../backtrace/src/backtrace/libunwind.rs:117:9
   1: std::backtrace_rs::backtrace::trace_unsynchronized
             at /rustc/6b00bc3880198600130e1cf62b8f8a93494488cc/library/std/src/../../backtrace/src/backtrace/mod.rs:66:14
   2: std::backtrace::Backtrace::create
             at /rustc/6b00bc3880198600130e1cf62b8f8a93494488cc/library/std/src/backtrace.rs:331:13
   3: anyhow::kind::Adhoc::new
             at /Users/lijing/.cargo/registry/src/rsproxy.cn-e3de039b2554c837/anyhow-1.0.98/src/backtrace.rs:27:14
   4: block_demo::infra::svg_util::SvgUtil::batch_process_svgs::{{closure}}
             at ./src/infra/svg_util.rs:31:28
   5: block_demo::domain::svg_chat_service::SVGChatService::exec_single_processor::{{closure}}
             at ./src/domain/svg_chat_service.rs:39:83
   6: block_demo::domain::svg_chat_service::SVGChatService::process_single::{{closure}}
             at ./src/domain/svg_chat_service.rs:34:42
   7: block_demo::domain::svg_chat_service::SVGChatService::process_async::{{closure}}
             at ./src/domain/svg_chat_service.rs:28:42
   8: block_demo::domain::svg_chat_service::SVGChatService::process_task_with_retry::{{closure}}
             at ./src/domain/svg_chat_service.rs:12:51
   9: block_demo::application::chat_service::svg_chat::{{closure}}::{{closure}}
             at ./src/application/chat_service.rs:11:62
  10: <tracing::instrument::Instrumented<T> as core::future::future::Future>::poll
             at /Users/lijing/.cargo/registry/src/rsproxy.cn-e3de039b2554c837/tracing-0.1.41/src/instrument.rs:321:9
  11: <tracing::instrument::Instrumented<T> as core::future::future::Future>::poll
             at /Users/lijing/.cargo/registry/src/rsproxy.cn-e3de039b2554c837/tracing-0.1.41/src/instrument.rs:321:9
  12: tokio::runtime::task::core::Core<T,S>::poll::{{closure}}
             at /Users/lijing/.cargo/registry/src/rsproxy.cn-e3de039b2554c837/tokio-1.47.0/src/runtime/task/core.rs:365:17
  13: tokio::loom::std::unsafe_cell::UnsafeCell<T>::with_mut
             at /Users/lijing/.cargo/registry/src/rsproxy.cn-e3de039b2554c837/tokio-1.47.0/src/loom/std/unsafe_cell.rs:16:9
  14: tokio::runtime::task::core::Core<T,S>::poll
             at /Users/lijing/.cargo/registry/src/rsproxy.cn-e3de039b2554c837/tokio-1.47.0/src/runtime/task/core.rs:354:13
  15: tokio::runtime::task::harness::poll_future::{{closure}}
             at /Users/lijing/.cargo/registry/src/rsproxy.cn-e3de039b2554c837/tokio-1.47.0/src/runtime/task/harness.rs:535:19
  16: <core::panic::unwind_safe::AssertUnwindSafe<F> as core::ops::function::FnOnce<()>>::call_once
             at /Users/lijing/.rustup/toolchains/stable-aarch64-apple-darwin/lib/rustlib/src/rust/library/core/src/panic/unwind_safe.rs:272:9
  17: std::panicking::try::do_call
             at /Users/lijing/.rustup/toolchains/stable-aarch64-apple-darwin/lib/rustlib/src/rust/library/std/src/panicking.rs:589:40
  18: ___rust_try
  19: std::panicking::try
             at /Users/lijing/.rustup/toolchains/stable-aarch64-apple-darwin/lib/rustlib/src/rust/library/std/src/panicking.rs:552:19
  20: std::panic::catch_unwind
             at /Users/lijing/.rustup/toolchains/stable-aarch64-apple-darwin/lib/rustlib/src/rust/library/std/src/panic.rs:359:14
  21: tokio::runtime::task::harness::poll_future
             at /Users/lijing/.cargo/registry/src/rsproxy.cn-e3de039b2554c837/tokio-1.47.0/src/runtime/task/harness.rs:523:18
  22: tokio::runtime::task::harness::Harness<T,S>::poll_inner
             at /Users/lijing/.cargo/registry/src/rsproxy.cn-e3de039b2554c837/tokio-1.47.0/src/runtime/task/harness.rs:210:27
  23: tokio::runtime::task::harness::Harness<T,S>::poll
             at /Users/lijing/.cargo/registry/src/rsproxy.cn-e3de039b2554c837/tokio-1.47.0/src/runtime/task/harness.rs:155:15
  24: tokio::runtime::task::raw::poll
             at /Users/lijing/.cargo/registry/src/rsproxy.cn-e3de039b2554c837/tokio-1.47.0/src/runtime/task/raw.rs:325:5
  25: tokio::runtime::task::raw::RawTask::poll
             at /Users/lijing/.cargo/registry/src/rsproxy.cn-e3de039b2554c837/tokio-1.47.0/src/runtime/task/raw.rs:255:18
  26: tokio::runtime::task::LocalNotified<S>::run
             at /Users/lijing/.cargo/registry/src/rsproxy.cn-e3de039b2554c837/tokio-1.47.0/src/runtime/task/mod.rs:509:9
  27: tokio::runtime::scheduler::multi_thread::worker::Context::run_task::{{closure}}
             at /Users/lijing/.cargo/registry/src/rsproxy.cn-e3de039b2554c837/tokio-1.47.0/src/runtime/scheduler/multi_thread/worker.rs:600:13
  28: tokio::task::coop::with_budget
             at /Users/lijing/.cargo/registry/src/rsproxy.cn-e3de039b2554c837/tokio-1.47.0/src/task/coop/mod.rs:167:5
  29: tokio::task::coop::budget
             at /Users/lijing/.cargo/registry/src/rsproxy.cn-e3de039b2554c837/tokio-1.47.0/src/task/coop/mod.rs:133:5
  30: tokio::runtime::scheduler::multi_thread::worker::Context::run_task
             at /Users/lijing/.cargo/registry/src/rsproxy.cn-e3de039b2554c837/tokio-1.47.0/src/runtime/scheduler/multi_thread/worker.rs:591:9
  31: tokio::runtime::scheduler::multi_thread::worker::Context::run
             at /Users/lijing/.cargo/registry/src/rsproxy.cn-e3de039b2554c837/tokio-1.47.0/src/runtime/scheduler/multi_thread/worker.rs:539:24
  32: tokio::runtime::scheduler::multi_thread::worker::run::{{closure}}::{{closure}}
             at /Users/lijing/.cargo/registry/src/rsproxy.cn-e3de039b2554c837/tokio-1.47.0/src/runtime/scheduler/multi_thread/worker.rs:504:21
  33: tokio::runtime::context::scoped::Scoped<T>::set
             at /Users/lijing/.cargo/registry/src/rsproxy.cn-e3de039b2554c837/tokio-1.47.0/src/runtime/context/scoped.rs:40:9
  34: tokio::runtime::context::set_scheduler::{{closure}}
             at /Users/lijing/.cargo/registry/src/rsproxy.cn-e3de039b2554c837/tokio-1.47.0/src/runtime/context.rs:176:26
  35: std::thread::local::LocalKey<T>::try_with
             at /Users/lijing/.rustup/toolchains/stable-aarch64-apple-darwin/lib/rustlib/src/rust/library/std/src/thread/local.rs:315:12
  36: std::thread::local::LocalKey<T>::with
             at /Users/lijing/.rustup/toolchains/stable-aarch64-apple-darwin/lib/rustlib/src/rust/library/std/src/thread/local.rs:279:15
  37: tokio::runtime::context::set_scheduler
             at /Users/lijing/.cargo/registry/src/rsproxy.cn-e3de039b2554c837/tokio-1.47.0/src/runtime/context.rs:176:9
  38: tokio::runtime::scheduler::multi_thread::worker::run::{{closure}}
             at /Users/lijing/.cargo/registry/src/rsproxy.cn-e3de039b2554c837/tokio-1.47.0/src/runtime/scheduler/multi_thread/worker.rs:499:9
  39: tokio::runtime::context::runtime::enter_runtime
             at /Users/lijing/.cargo/registry/src/rsproxy.cn-e3de039b2554c837/tokio-1.47.0/src/runtime/context/runtime.rs:65:16
  40: tokio::runtime::scheduler::multi_thread::worker::run
             at /Users/lijing/.cargo/registry/src/rsproxy.cn-e3de039b2554c837/tokio-1.47.0/src/runtime/scheduler/multi_thread/worker.rs:491:5
  41: tokio::runtime::scheduler::multi_thread::worker::Launch::launch::{{closure}}
             at /Users/lijing/.cargo/registry/src/rsproxy.cn-e3de039b2554c837/tokio-1.47.0/src/runtime/scheduler/multi_thread/worker.rs:457:45
  42: <tokio::runtime::blocking::task::BlockingTask<T> as core::future::future::Future>::poll
             at /Users/lijing/.cargo/registry/src/rsproxy.cn-e3de039b2554c837/tokio-1.47.0/src/runtime/blocking/task.rs:42:21
  43: <tracing::instrument::Instrumented<T> as core::future::future::Future>::poll
             at /Users/lijing/.cargo/registry/src/rsproxy.cn-e3de039b2554c837/tracing-0.1.41/src/instrument.rs:321:9
  44: tokio::runtime::task::core::Core<T,S>::poll::{{closure}}
             at /Users/lijing/.cargo/registry/src/rsproxy.cn-e3de039b2554c837/tokio-1.47.0/src/runtime/task/core.rs:365:17
  45: tokio::loom::std::unsafe_cell::UnsafeCell<T>::with_mut
             at /Users/lijing/.cargo/registry/src/rsproxy.cn-e3de039b2554c837/tokio-1.47.0/src/loom/std/unsafe_cell.rs:16:9
  46: tokio::runtime::task::core::Core<T,S>::poll
             at /Users/lijing/.cargo/registry/src/rsproxy.cn-e3de039b2554c837/tokio-1.47.0/src/runtime/task/core.rs:354:13
  47: tokio::runtime::task::harness::poll_future::{{closure}}
             at /Users/lijing/.cargo/registry/src/rsproxy.cn-e3de039b2554c837/tokio-1.47.0/src/runtime/task/harness.rs:535:19
  48: <core::panic::unwind_safe::AssertUnwindSafe<F> as core::ops::function::FnOnce<()>>::call_once
             at /Users/lijing/.rustup/toolchains/stable-aarch64-apple-darwin/lib/rustlib/src/rust/library/core/src/panic/unwind_safe.rs:272:9
  49: std::panicking::try::do_call
             at /Users/lijing/.rustup/toolchains/stable-aarch64-apple-darwin/lib/rustlib/src/rust/library/std/src/panicking.rs:589:40
  50: ___rust_try
  51: std::panicking::try
             at /Users/lijing/.rustup/toolchains/stable-aarch64-apple-darwin/lib/rustlib/src/rust/library/std/src/panicking.rs:552:19
  52: std::panic::catch_unwind
             at /Users/lijing/.rustup/toolchains/stable-aarch64-apple-darwin/lib/rustlib/src/rust/library/std/src/panic.rs:359:14
  53: tokio::runtime::task::harness::poll_future
             at /Users/lijing/.cargo/registry/src/rsproxy.cn-e3de039b2554c837/tokio-1.47.0/src/runtime/task/harness.rs:523:18
  54: tokio::runtime::task::harness::Harness<T,S>::poll_inner
             at /Users/lijing/.cargo/registry/src/rsproxy.cn-e3de039b2554c837/tokio-1.47.0/src/runtime/task/harness.rs:210:27
  55: tokio::runtime::task::harness::Harness<T,S>::poll
             at /Users/lijing/.cargo/registry/src/rsproxy.cn-e3de039b2554c837/tokio-1.47.0/src/runtime/task/harness.rs:155:15
  56: tokio::runtime::task::raw::poll
             at /Users/lijing/.cargo/registry/src/rsproxy.cn-e3de039b2554c837/tokio-1.47.0/src/runtime/task/raw.rs:325:5
  57: tokio::runtime::task::raw::RawTask::poll
             at /Users/lijing/.cargo/registry/src/rsproxy.cn-e3de039b2554c837/tokio-1.47.0/src/runtime/task/raw.rs:255:18
  58: tokio::runtime::task::UnownedTask<S>::run
             at /Users/lijing/.cargo/registry/src/rsproxy.cn-e3de039b2554c837/tokio-1.47.0/src/runtime/task/mod.rs:546:9
  59: tokio::runtime::blocking::pool::Task::run
             at /Users/lijing/.cargo/registry/src/rsproxy.cn-e3de039b2554c837/tokio-1.47.0/src/runtime/blocking/pool.rs:161:9
  60: tokio::runtime::blocking::pool::Inner::run
             at /Users/lijing/.cargo/registry/src/rsproxy.cn-e3de039b2554c837/tokio-1.47.0/src/runtime/blocking/pool.rs:516:17
  61: tokio::runtime::blocking::pool::Spawner::spawn_thread::{{closure}}
             at /Users/lijing/.cargo/registry/src/rsproxy.cn-e3de039b2554c837/tokio-1.47.0/src/runtime/blocking/pool.rs:474:13
  62: std::sys::backtrace::__rust_begin_short_backtrace
             at /Users/lijing/.rustup/toolchains/stable-aarch64-apple-darwin/lib/rustlib/src/rust/library/std/src/sys/backtrace.rs:152:18
  63: std::thread::Builder::spawn_unchecked_::{{closure}}::{{closure}}
             at /Users/lijing/.rustup/toolchains/stable-aarch64-apple-darwin/lib/rustlib/src/rust/library/std/src/thread/mod.rs:559:17
  64: <core::panic::unwind_safe::AssertUnwindSafe<F> as core::ops::function::FnOnce<()>>::call_once
             at /Users/lijing/.rustup/toolchains/stable-aarch64-apple-darwin/lib/rustlib/src/rust/library/core/src/panic/unwind_safe.rs:272:9
  65: std::panicking::try::do_call
             at /Users/lijing/.rustup/toolchains/stable-aarch64-apple-darwin/lib/rustlib/src/rust/library/std/src/panicking.rs:589:40
  66: ___rust_try
  67: std::panicking::try
             at /Users/lijing/.rustup/toolchains/stable-aarch64-apple-darwin/lib/rustlib/src/rust/library/std/src/panicking.rs:552:19
  68: std::panic::catch_unwind
             at /Users/lijing/.rustup/toolchains/stable-aarch64-apple-darwin/lib/rustlib/src/rust/library/std/src/panic.rs:359:14
  69: std::thread::Builder::spawn_unchecked_::{{closure}}
             at /Users/lijing/.rustup/toolchains/stable-aarch64-apple-darwin/lib/rustlib/src/rust/library/std/src/thread/mod.rs:557:30
  70: core::ops::function::FnOnce::call_once{{vtable.shim}}
             at /Users/lijing/.rustup/toolchains/stable-aarch64-apple-darwin/lib/rustlib/src/rust/library/core/src/ops/function.rs:250:5
  71: <alloc::boxed::Box<F,A> as core::ops::function::FnOnce<Args>>::call_once
             at /rustc/6b00bc3880198600130e1cf62b8f8a93494488cc/library/alloc/src/boxed.rs:1966:9
  72: <alloc::boxed::Box<F,A> as core::ops::function::FnOnce<Args>>::call_once
             at /rustc/6b00bc3880198600130e1cf62b8f8a93494488cc/library/alloc/src/boxed.rs:1966:9
  73: std::sys::pal::unix::thread::Thread::new::thread_start
             at /rustc/6b00bc3880198600130e1cf62b8f8a93494488cc/library/std/src/sys/pal/unix/thread.rs:97:17
  74: __pthread_cond_wait
2025-07-27 15:29:58 ERROR {trace_id="PbVmQVcf1ut9NSL-vbVnb"}: block_demo::domain::svg_chat_service: 21: process_task_with_retry ERROR: Not processed

Stack backtrace:
   0: std::backtrace_rs::backtrace::libunwind::trace
             at /rustc/6b00bc3880198600130e1cf62b8f8a93494488cc/library/std/src/../../backtrace/src/backtrace/libunwind.rs:117:9
   1: std::backtrace_rs::backtrace::trace_unsynchronized
             at /rustc/6b00bc3880198600130e1cf62b8f8a93494488cc/library/std/src/../../backtrace/src/backtrace/mod.rs:66:14
   2: std::backtrace::Backtrace::create
             at /rustc/6b00bc3880198600130e1cf62b8f8a93494488cc/library/std/src/backtrace.rs:331:13
   3: anyhow::kind::Adhoc::new
             at /Users/lijing/.cargo/registry/src/rsproxy.cn-e3de039b2554c837/anyhow-1.0.98/src/backtrace.rs:27:14
   4: block_demo::infra::svg_util::SvgUtil::batch_process_svgs::{{closure}}
             at ./src/infra/svg_util.rs:31:28
   5: block_demo::domain::svg_chat_service::SVGChatService::exec_single_processor::{{closure}}
             at ./src/domain/svg_chat_service.rs:39:83
   6: block_demo::domain::svg_chat_service::SVGChatService::process_single::{{closure}}
             at ./src/domain/svg_chat_service.rs:34:42
   7: block_demo::domain::svg_chat_service::SVGChatService::process_async::{{closure}}
             at ./src/domain/svg_chat_service.rs:28:42
   8: block_demo::domain::svg_chat_service::SVGChatService::process_task_with_retry::{{closure}}
             at ./src/domain/svg_chat_service.rs:12:51
   9: block_demo::application::chat_service::svg_chat::{{closure}}::{{closure}}
             at ./src/application/chat_service.rs:11:62
  10: <tracing::instrument::Instrumented<T> as core::future::future::Future>::poll
             at /Users/lijing/.cargo/registry/src/rsproxy.cn-e3de039b2554c837/tracing-0.1.41/src/instrument.rs:321:9
  11: <tracing::instrument::Instrumented<T> as core::future::future::Future>::poll
             at /Users/lijing/.cargo/registry/src/rsproxy.cn-e3de039b2554c837/tracing-0.1.41/src/instrument.rs:321:9
  12: tokio::runtime::task::core::Core<T,S>::poll::{{closure}}
             at /Users/lijing/.cargo/registry/src/rsproxy.cn-e3de039b2554c837/tokio-1.47.0/src/runtime/task/core.rs:365:17
  13: tokio::loom::std::unsafe_cell::UnsafeCell<T>::with_mut
             at /Users/lijing/.cargo/registry/src/rsproxy.cn-e3de039b2554c837/tokio-1.47.0/src/loom/std/unsafe_cell.rs:16:9
  14: tokio::runtime::task::core::Core<T,S>::poll
             at /Users/lijing/.cargo/registry/src/rsproxy.cn-e3de039b2554c837/tokio-1.47.0/src/runtime/task/core.rs:354:13
  15: tokio::runtime::task::harness::poll_future::{{closure}}
             at /Users/lijing/.cargo/registry/src/rsproxy.cn-e3de039b2554c837/tokio-1.47.0/src/runtime/task/harness.rs:535:19
  16: <core::panic::unwind_safe::AssertUnwindSafe<F> as core::ops::function::FnOnce<()>>::call_once
             at /Users/lijing/.rustup/toolchains/stable-aarch64-apple-darwin/lib/rustlib/src/rust/library/core/src/panic/unwind_safe.rs:272:9
  17: std::panicking::try::do_call
             at /Users/lijing/.rustup/toolchains/stable-aarch64-apple-darwin/lib/rustlib/src/rust/library/std/src/panicking.rs:589:40
  18: ___rust_try
  19: std::panicking::try
             at /Users/lijing/.rustup/toolchains/stable-aarch64-apple-darwin/lib/rustlib/src/rust/library/std/src/panicking.rs:552:19
  20: std::panic::catch_unwind
             at /Users/lijing/.rustup/toolchains/stable-aarch64-apple-darwin/lib/rustlib/src/rust/library/std/src/panic.rs:359:14
  21: tokio::runtime::task::harness::poll_future
             at /Users/lijing/.cargo/registry/src/rsproxy.cn-e3de039b2554c837/tokio-1.47.0/src/runtime/task/harness.rs:523:18
  22: tokio::runtime::task::harness::Harness<T,S>::poll_inner
             at /Users/lijing/.cargo/registry/src/rsproxy.cn-e3de039b2554c837/tokio-1.47.0/src/runtime/task/harness.rs:210:27
  23: tokio::runtime::task::harness::Harness<T,S>::poll
             at /Users/lijing/.cargo/registry/src/rsproxy.cn-e3de039b2554c837/tokio-1.47.0/src/runtime/task/harness.rs:155:15
  24: tokio::runtime::task::raw::poll
             at /Users/lijing/.cargo/registry/src/rsproxy.cn-e3de039b2554c837/tokio-1.47.0/src/runtime/task/raw.rs:325:5
  25: tokio::runtime::task::raw::RawTask::poll
             at /Users/lijing/.cargo/registry/src/rsproxy.cn-e3de039b2554c837/tokio-1.47.0/src/runtime/task/raw.rs:255:18
  26: tokio::runtime::task::LocalNotified<S>::run
             at /Users/lijing/.cargo/registry/src/rsproxy.cn-e3de039b2554c837/tokio-1.47.0/src/runtime/task/mod.rs:509:9
  27: tokio::runtime::scheduler::multi_thread::worker::Context::run_task::{{closure}}
             at /Users/lijing/.cargo/registry/src/rsproxy.cn-e3de039b2554c837/tokio-1.47.0/src/runtime/scheduler/multi_thread/worker.rs:600:13
  28: tokio::task::coop::with_budget
             at /Users/lijing/.cargo/registry/src/rsproxy.cn-e3de039b2554c837/tokio-1.47.0/src/task/coop/mod.rs:167:5
  29: tokio::task::coop::budget
             at /Users/lijing/.cargo/registry/src/rsproxy.cn-e3de039b2554c837/tokio-1.47.0/src/task/coop/mod.rs:133:5
  30: tokio::runtime::scheduler::multi_thread::worker::Context::run_task
             at /Users/lijing/.cargo/registry/src/rsproxy.cn-e3de039b2554c837/tokio-1.47.0/src/runtime/scheduler/multi_thread/worker.rs:591:9
  31: tokio::runtime::scheduler::multi_thread::worker::Context::run
             at /Users/lijing/.cargo/registry/src/rsproxy.cn-e3de039b2554c837/tokio-1.47.0/src/runtime/scheduler/multi_thread/worker.rs:539:24
  32: tokio::runtime::scheduler::multi_thread::worker::run::{{closure}}::{{closure}}
             at /Users/lijing/.cargo/registry/src/rsproxy.cn-e3de039b2554c837/tokio-1.47.0/src/runtime/scheduler/multi_thread/worker.rs:504:21
  33: tokio::runtime::context::scoped::Scoped<T>::set
             at /Users/lijing/.cargo/registry/src/rsproxy.cn-e3de039b2554c837/tokio-1.47.0/src/runtime/context/scoped.rs:40:9
  34: tokio::runtime::context::set_scheduler::{{closure}}
             at /Users/lijing/.cargo/registry/src/rsproxy.cn-e3de039b2554c837/tokio-1.47.0/src/runtime/context.rs:176:26
  35: std::thread::local::LocalKey<T>::try_with
             at /Users/lijing/.rustup/toolchains/stable-aarch64-apple-darwin/lib/rustlib/src/rust/library/std/src/thread/local.rs:315:12
  36: std::thread::local::LocalKey<T>::with
             at /Users/lijing/.rustup/toolchains/stable-aarch64-apple-darwin/lib/rustlib/src/rust/library/std/src/thread/local.rs:279:15
  37: tokio::runtime::context::set_scheduler
             at /Users/lijing/.cargo/registry/src/rsproxy.cn-e3de039b2554c837/tokio-1.47.0/src/runtime/context.rs:176:9
  38: tokio::runtime::scheduler::multi_thread::worker::run::{{closure}}
             at /Users/lijing/.cargo/registry/src/rsproxy.cn-e3de039b2554c837/tokio-1.47.0/src/runtime/scheduler/multi_thread/worker.rs:499:9
  39: tokio::runtime::context::runtime::enter_runtime
             at /Users/lijing/.cargo/registry/src/rsproxy.cn-e3de039b2554c837/tokio-1.47.0/src/runtime/context/runtime.rs:65:16
  40: tokio::runtime::scheduler::multi_thread::worker::run
             at /Users/lijing/.cargo/registry/src/rsproxy.cn-e3de039b2554c837/tokio-1.47.0/src/runtime/scheduler/multi_thread/worker.rs:491:5
  41: tokio::runtime::scheduler::multi_thread::worker::Launch::launch::{{closure}}
             at /Users/lijing/.cargo/registry/src/rsproxy.cn-e3de039b2554c837/tokio-1.47.0/src/runtime/scheduler/multi_thread/worker.rs:457:45
  42: <tokio::runtime::blocking::task::BlockingTask<T> as core::future::future::Future>::poll
             at /Users/lijing/.cargo/registry/src/rsproxy.cn-e3de039b2554c837/tokio-1.47.0/src/runtime/blocking/task.rs:42:21
  43: <tracing::instrument::Instrumented<T> as core::future::future::Future>::poll
             at /Users/lijing/.cargo/registry/src/rsproxy.cn-e3de039b2554c837/tracing-0.1.41/src/instrument.rs:321:9
  44: tokio::runtime::task::core::Core<T,S>::poll::{{closure}}
             at /Users/lijing/.cargo/registry/src/rsproxy.cn-e3de039b2554c837/tokio-1.47.0/src/runtime/task/core.rs:365:17
  45: tokio::loom::std::unsafe_cell::UnsafeCell<T>::with_mut
             at /Users/lijing/.cargo/registry/src/rsproxy.cn-e3de039b2554c837/tokio-1.47.0/src/loom/std/unsafe_cell.rs:16:9
  46: tokio::runtime::task::core::Core<T,S>::poll
             at /Users/lijing/.cargo/registry/src/rsproxy.cn-e3de039b2554c837/tokio-1.47.0/src/runtime/task/core.rs:354:13
  47: tokio::runtime::task::harness::poll_future::{{closure}}
             at /Users/lijing/.cargo/registry/src/rsproxy.cn-e3de039b2554c837/tokio-1.47.0/src/runtime/task/harness.rs:535:19
  48: <core::panic::unwind_safe::AssertUnwindSafe<F> as core::ops::function::FnOnce<()>>::call_once
             at /Users/lijing/.rustup/toolchains/stable-aarch64-apple-darwin/lib/rustlib/src/rust/library/core/src/panic/unwind_safe.rs:272:9
  49: std::panicking::try::do_call
             at /Users/lijing/.rustup/toolchains/stable-aarch64-apple-darwin/lib/rustlib/src/rust/library/std/src/panicking.rs:589:40
  50: ___rust_try
  51: std::panicking::try
             at /Users/lijing/.rustup/toolchains/stable-aarch64-apple-darwin/lib/rustlib/src/rust/library/std/src/panicking.rs:552:19
  52: std::panic::catch_unwind
             at /Users/lijing/.rustup/toolchains/stable-aarch64-apple-darwin/lib/rustlib/src/rust/library/std/src/panic.rs:359:14
  53: tokio::runtime::task::harness::poll_future
             at /Users/lijing/.cargo/registry/src/rsproxy.cn-e3de039b2554c837/tokio-1.47.0/src/runtime/task/harness.rs:523:18
  54: tokio::runtime::task::harness::Harness<T,S>::poll_inner
             at /Users/lijing/.cargo/registry/src/rsproxy.cn-e3de039b2554c837/tokio-1.47.0/src/runtime/task/harness.rs:210:27
  55: tokio::runtime::task::harness::Harness<T,S>::poll
             at /Users/lijing/.cargo/registry/src/rsproxy.cn-e3de039b2554c837/tokio-1.47.0/src/runtime/task/harness.rs:155:15
  56: tokio::runtime::task::raw::poll
             at /Users/lijing/.cargo/registry/src/rsproxy.cn-e3de039b2554c837/tokio-1.47.0/src/runtime/task/raw.rs:325:5
  57: tokio::runtime::task::raw::RawTask::poll
             at /Users/lijing/.cargo/registry/src/rsproxy.cn-e3de039b2554c837/tokio-1.47.0/src/runtime/task/raw.rs:255:18
  58: tokio::runtime::task::UnownedTask<S>::run
             at /Users/lijing/.cargo/registry/src/rsproxy.cn-e3de039b2554c837/tokio-1.47.0/src/runtime/task/mod.rs:546:9
  59: tokio::runtime::blocking::pool::Task::run
             at /Users/lijing/.cargo/registry/src/rsproxy.cn-e3de039b2554c837/tokio-1.47.0/src/runtime/blocking/pool.rs:161:9
  60: tokio::runtime::blocking::pool::Inner::run
             at /Users/lijing/.cargo/registry/src/rsproxy.cn-e3de039b2554c837/tokio-1.47.0/src/runtime/blocking/pool.rs:516:17
  61: tokio::runtime::blocking::pool::Spawner::spawn_thread::{{closure}}
             at /Users/lijing/.cargo/registry/src/rsproxy.cn-e3de039b2554c837/tokio-1.47.0/src/runtime/blocking/pool.rs:474:13
  62: std::sys::backtrace::__rust_begin_short_backtrace
             at /Users/lijing/.rustup/toolchains/stable-aarch64-apple-darwin/lib/rustlib/src/rust/library/std/src/sys/backtrace.rs:152:18
  63: std::thread::Builder::spawn_unchecked_::{{closure}}::{{closure}}
             at /Users/lijing/.rustup/toolchains/stable-aarch64-apple-darwin/lib/rustlib/src/rust/library/std/src/thread/mod.rs:559:17
  64: <core::panic::unwind_safe::AssertUnwindSafe<F> as core::ops::function::FnOnce<()>>::call_once
             at /Users/lijing/.rustup/toolchains/stable-aarch64-apple-darwin/lib/rustlib/src/rust/library/core/src/panic/unwind_safe.rs:272:9
  65: std::panicking::try::do_call
             at /Users/lijing/.rustup/toolchains/stable-aarch64-apple-darwin/lib/rustlib/src/rust/library/std/src/panicking.rs:589:40
  66: ___rust_try
  67: std::panicking::try
             at /Users/lijing/.rustup/toolchains/stable-aarch64-apple-darwin/lib/rustlib/src/rust/library/std/src/panicking.rs:552:19
  68: std::panic::catch_unwind
             at /Users/lijing/.rustup/toolchains/stable-aarch64-apple-darwin/lib/rustlib/src/rust/library/std/src/panic.rs:359:14
  69: std::thread::Builder::spawn_unchecked_::{{closure}}
             at /Users/lijing/.rustup/toolchains/stable-aarch64-apple-darwin/lib/rustlib/src/rust/library/std/src/thread/mod.rs:557:30
  70: core::ops::function::FnOnce::call_once{{vtable.shim}}
             at /Users/lijing/.rustup/toolchains/stable-aarch64-apple-darwin/lib/rustlib/src/rust/library/core/src/ops/function.rs:250:5
  71: <alloc::boxed::Box<F,A> as core::ops::function::FnOnce<Args>>::call_once
             at /rustc/6b00bc3880198600130e1cf62b8f8a93494488cc/library/alloc/src/boxed.rs:1966:9
  72: <alloc::boxed::Box<F,A> as core::ops::function::FnOnce<Args>>::call_once
             at /rustc/6b00bc3880198600130e1cf62b8f8a93494488cc/library/alloc/src/boxed.rs:1966:9
  73: std::sys::pal::unix::thread::Thread::new::thread_start
             at /rustc/6b00bc3880198600130e1cf62b8f8a93494488cc/library/std/src/sys/pal/unix/thread.rs:97:17
  74: __pthread_cond_wait
